#
# There is insufficient memory for the Java Runtime Environment to continue.
# Native memory allocation (malloc) failed to allocate 2093536 bytes. Error detail: Chunk::new
# Possible reasons:
#   The system is out of physical RAM or swap space
#   This process is running with CompressedOops enabled, and the Java Heap may be blocking the growth of the native heap
# Possible solutions:
#   Reduce memory load on the system
#   Increase physical memory or swap space
#   Check if swap backing store is full
#   Decrease Java heap size (-Xmx/-Xms)
#   Decrease number of Java threads
#   Decrease Java thread stack sizes (-Xss)
#   Set larger code cache with -XX:ReservedCodeCacheSize=
#   JVM is running with Unscaled Compressed Oops mode in which the Java heap is
#     placed in the first 4GB address space. The Java Heap base address is the
#     maximum limit for the native heap growth. Please use -XX:HeapBaseMinAddress
#     to set the Java Heap base and to place the Java Heap above 4GB virtual address.
# This output file may be truncated or incomplete.
#
#  Out of Memory Error (arena.cpp:168), pid=8916, tid=9824
#
# JRE version: OpenJDK Runtime Environment (21.0.5) (build 21.0.5+-12932927-b750.29)
# Java VM: OpenJDK 64-Bit Server VM (21.0.5+-12932927-b750.29, mixed mode, tiered, compressed oops, compressed class ptrs, g1 gc, windows-amd64)
# No core dump will be written. Minidumps are not enabled by default on client versions of Windows
#

---------------  S U M M A R Y ------------

Command Line: --add-opens=java.base/java.util=ALL-UNNAMED --add-opens=java.base/java.lang=ALL-UNNAMED --add-opens=java.base/java.lang.invoke=ALL-UNNAMED --add-opens=java.prefs/java.util.prefs=ALL-UNNAMED --add-exports=jdk.compiler/com.sun.tools.javac.api=ALL-UNNAMED --add-exports=jdk.compiler/com.sun.tools.javac.util=ALL-UNNAMED --add-opens=java.base/java.nio.charset=ALL-UNNAMED --add-opens=java.base/java.net=ALL-UNNAMED --add-opens=java.base/java.util.concurrent.atomic=ALL-UNNAMED -Xmx2048m -Dfile.encoding=UTF-8 -Duser.country=IN -Duser.language=en -Duser.variant -javaagent:C:\Users\asish\.gradle\wrapper\dists\gradle-8.10.2-bin\a04bxjujx95o3nb99gddekhwo\gradle-8.10.2\lib\agents\gradle-instrumentation-agent-8.10.2.jar org.gradle.launcher.daemon.bootstrap.GradleDaemon 8.10.2

Host: 11th Gen Intel(R) Core(TM) i5-11260H @ 2.60GHz, 12 cores, 15G,  Windows 11 , 64 bit Build 26100 (10.0.26100.3323)
Time: Tue Mar 18 12:19:40 2025 India Standard Time elapsed time: 4.173776 seconds (0d 0h 0m 4s)

---------------  T H R E A D  ---------------

Current thread (0x00000298e85078e0):  JavaThread "C2 CompilerThread1" daemon [_thread_in_native, id=9824, stack(0x000000e116900000,0x000000e116a00000) (1024K)]


Current CompileTask:
C2:4173 4701   !   4       java.net.URLClassLoader::findClass (47 bytes)

Stack: [0x000000e116900000,0x000000e116a00000]
Native frames: (J=compiled Java code, j=interpreted, Vv=VM code, C=native code)
V  [jvm.dll+0x6cfb29]
V  [jvm.dll+0x85ded3]
V  [jvm.dll+0x86042e]
V  [jvm.dll+0x860b13]
V  [jvm.dll+0x27e6b6]
V  [jvm.dll+0xbff6d]
V  [jvm.dll+0xc04a3]
V  [jvm.dll+0x3b5ffb]
V  [jvm.dll+0x381f97]
V  [jvm.dll+0x38140a]
V  [jvm.dll+0x247c62]
V  [jvm.dll+0x247231]
V  [jvm.dll+0x1c5ee4]
V  [jvm.dll+0x25697c]
V  [jvm.dll+0x254ec6]
V  [jvm.dll+0x3f0ce6]
V  [jvm.dll+0x806368]
V  [jvm.dll+0x6ce3fd]
C  [ucrtbase.dll+0x37b0]
C  [KERNEL32.DLL+0x2e8d7]
C  [ntdll.dll+0xbbf6c]


---------------  P R O C E S S  ---------------

Threads class SMR info:
_java_thread_list=0x00000298efde50c0, length=34, elements={
0x00000298cdfaf5d0, 0x00000298e7d45b10, 0x00000298e7d6f420, 0x00000298e7d71ed0,
0x00000298e7d8e8f0, 0x00000298e7d90b10, 0x00000298e7d92570, 0x00000298e7d95170,
0x00000298e7d97d80, 0x00000298e7e0b860, 0x00000298e8066870, 0x00000298e85078e0,
0x00000298e8507f80, 0x00000298ee21bda0, 0x00000298ee49d0e0, 0x00000298ee4aa320,
0x00000298ee5b1fb0, 0x00000298ee5abf70, 0x00000298ee5ad5f0, 0x00000298ee448660,
0x00000298ee6f5250, 0x00000298ee5b4310, 0x00000298ee5b35f0, 0x00000298ee5b2f60,
0x00000298ee5b3c80, 0x00000298ee5b56c0, 0x00000298ee5b5d50, 0x00000298ee5b49a0,
0x00000298ee5b63e0, 0x00000298f0c61e20, 0x00000298f0c61100, 0x00000298f0c5f030,
0x00000298f0c5fd50, 0x00000298f0c61790
}

Java Threads: ( => current thread )
  0x00000298cdfaf5d0 JavaThread "main"                              [_thread_blocked, id=16972, stack(0x000000e115700000,0x000000e115800000) (1024K)]
  0x00000298e7d45b10 JavaThread "Reference Handler"          daemon [_thread_blocked, id=3500, stack(0x000000e115f00000,0x000000e116000000) (1024K)]
  0x00000298e7d6f420 JavaThread "Finalizer"                  daemon [_thread_blocked, id=8332, stack(0x000000e116000000,0x000000e116100000) (1024K)]
  0x00000298e7d71ed0 JavaThread "Signal Dispatcher"          daemon [_thread_blocked, id=5220, stack(0x000000e116100000,0x000000e116200000) (1024K)]
  0x00000298e7d8e8f0 JavaThread "Attach Listener"            daemon [_thread_blocked, id=1924, stack(0x000000e116200000,0x000000e116300000) (1024K)]
  0x00000298e7d90b10 JavaThread "Service Thread"             daemon [_thread_blocked, id=8544, stack(0x000000e116300000,0x000000e116400000) (1024K)]
  0x00000298e7d92570 JavaThread "Monitor Deflation Thread"   daemon [_thread_blocked, id=13884, stack(0x000000e116400000,0x000000e116500000) (1024K)]
  0x00000298e7d95170 JavaThread "C2 CompilerThread0"         daemon [_thread_in_native, id=20792, stack(0x000000e116500000,0x000000e116600000) (1024K)]
  0x00000298e7d97d80 JavaThread "C1 CompilerThread0"         daemon [_thread_blocked, id=14544, stack(0x000000e116600000,0x000000e116700000) (1024K)]
  0x00000298e7e0b860 JavaThread "Common-Cleaner"             daemon [_thread_blocked, id=16908, stack(0x000000e116700000,0x000000e116800000) (1024K)]
  0x00000298e8066870 JavaThread "Notification Thread"        daemon [_thread_blocked, id=12068, stack(0x000000e116800000,0x000000e116900000) (1024K)]
=>0x00000298e85078e0 JavaThread "C2 CompilerThread1"         daemon [_thread_in_native, id=9824, stack(0x000000e116900000,0x000000e116a00000) (1024K)]
  0x00000298e8507f80 JavaThread "C2 CompilerThread2"         daemon [_thread_in_native, id=4428, stack(0x000000e116a00000,0x000000e116b00000) (1024K)]
  0x00000298ee21bda0 JavaThread "Daemon health stats"               [_thread_blocked, id=19128, stack(0x000000e117300000,0x000000e117400000) (1024K)]
  0x00000298ee49d0e0 JavaThread "Incoming local TCP Connector on port 62445"        [_thread_in_native, id=12456, stack(0x000000e117400000,0x000000e117500000) (1024K)]
  0x00000298ee4aa320 JavaThread "Daemon periodic checks"            [_thread_blocked, id=1108, stack(0x000000e117500000,0x000000e117600000) (1024K)]
  0x00000298ee5b1fb0 JavaThread "Daemon"                            [_thread_blocked, id=18272, stack(0x000000e117600000,0x000000e117700000) (1024K)]
  0x00000298ee5abf70 JavaThread "Handler for socket connection from /127.0.0.1:62445 to /127.0.0.1:62446"        [_thread_in_native, id=20600, stack(0x000000e117700000,0x000000e117800000) (1024K)]
  0x00000298ee5ad5f0 JavaThread "Cancel handler"                    [_thread_blocked, id=17724, stack(0x000000e117800000,0x000000e117900000) (1024K)]
  0x00000298ee448660 JavaThread "Daemon worker"                     [_thread_in_vm, id=15644, stack(0x000000e117900000,0x000000e117a00000) (1024K)]
  0x00000298ee6f5250 JavaThread "Asynchronous log dispatcher for DefaultDaemonConnection: socket connection from /127.0.0.1:62445 to /127.0.0.1:62446"        [_thread_blocked, id=21336, stack(0x000000e117a00000,0x000000e117b00000) (1024K)]
  0x00000298ee5b4310 JavaThread "Stdin handler"                     [_thread_blocked, id=8556, stack(0x000000e117b00000,0x000000e117c00000) (1024K)]
  0x00000298ee5b35f0 JavaThread "Daemon client event forwarder"        [_thread_blocked, id=2100, stack(0x000000e117c00000,0x000000e117d00000) (1024K)]
  0x00000298ee5b2f60 JavaThread "Cache worker for journal cache (C:\Users\asish\.gradle\caches\journal-1)"        [_thread_blocked, id=19512, stack(0x000000e118000000,0x000000e118100000) (1024K)]
  0x00000298ee5b3c80 JavaThread "File lock request listener"        [_thread_in_native, id=3724, stack(0x000000e118100000,0x000000e118200000) (1024K)]
  0x00000298ee5b56c0 JavaThread "Cache worker for file hash cache (C:\Users\asish\.gradle\caches\8.10.2\fileHashes)"        [_thread_blocked, id=17464, stack(0x000000e118200000,0x000000e118300000) (1024K)]
  0x00000298ee5b5d50 JavaThread "Cache worker for file hash cache (C:\Users\asish\AndroidStudioProjects\TheFoodHub\.gradle\8.10.2\fileHashes)"        [_thread_blocked, id=13996, stack(0x000000e118300000,0x000000e118400000) (1024K)]
  0x00000298ee5b49a0 JavaThread "Cache worker for Build Output Cleanup Cache (C:\Users\asish\AndroidStudioProjects\TheFoodHub\.gradle\buildOutputCleanup)"        [_thread_blocked, id=15896, stack(0x000000e118400000,0x000000e118500000) (1024K)]
  0x00000298ee5b63e0 JavaThread "File watcher server"        daemon [_thread_in_native, id=12420, stack(0x000000e118500000,0x000000e118600000) (1024K)]
  0x00000298f0c61e20 JavaThread "File watcher consumer"      daemon [_thread_blocked, id=7816, stack(0x000000e118600000,0x000000e118700000) (1024K)]
  0x00000298f0c61100 JavaThread "Cache worker for checksums cache (C:\Users\asish\AndroidStudioProjects\TheFoodHub\.gradle\8.10.2\checksums)"        [_thread_blocked, id=18580, stack(0x000000e118700000,0x000000e118800000) (1024K)]
  0x00000298f0c5f030 JavaThread "Cache worker for file content cache (C:\Users\asish\.gradle\caches\8.10.2\fileContent)"        [_thread_blocked, id=10268, stack(0x000000e118800000,0x000000e118900000) (1024K)]
  0x00000298f0c5fd50 JavaThread "Cache worker for cache directory md-rule (C:\Users\asish\.gradle\caches\8.10.2\md-rule)"        [_thread_blocked, id=192, stack(0x000000e118900000,0x000000e118a00000) (1024K)]
  0x00000298f0c61790 JavaThread "Cache worker for cache directory md-supplier (C:\Users\asish\.gradle\caches\8.10.2\md-supplier)"        [_thread_blocked, id=17816, stack(0x000000e118a00000,0x000000e118b00000) (1024K)]
Total: 34

Other Threads:
  0x00000298e7c5ded0 VMThread "VM Thread"                           [id=13780, stack(0x000000e115e00000,0x000000e115f00000) (1024K)]
  0x00000298e7cf14d0 WatcherThread "VM Periodic Task Thread"        [id=21168, stack(0x000000e115d00000,0x000000e115e00000) (1024K)]
  0x00000298cf9b31c0 WorkerThread "GC Thread#0"                     [id=15084, stack(0x000000e115800000,0x000000e115900000) (1024K)]
  0x00000298e87c3ac0 WorkerThread "GC Thread#1"                     [id=15856, stack(0x000000e116b00000,0x000000e116c00000) (1024K)]
  0x00000298e87c3e60 WorkerThread "GC Thread#2"                     [id=20064, stack(0x000000e116c00000,0x000000e116d00000) (1024K)]
  0x00000298e89daa70 WorkerThread "GC Thread#3"                     [id=20092, stack(0x000000e116d00000,0x000000e116e00000) (1024K)]
  0x00000298e89dae10 WorkerThread "GC Thread#4"                     [id=18868, stack(0x000000e116e00000,0x000000e116f00000) (1024K)]
  0x00000298e89db1b0 WorkerThread "GC Thread#5"                     [id=20820, stack(0x000000e116f00000,0x000000e117000000) (1024K)]
  0x00000298ed550370 WorkerThread "GC Thread#6"                     [id=17960, stack(0x000000e117000000,0x000000e117100000) (1024K)]
  0x00000298ed54f150 WorkerThread "GC Thread#7"                     [id=10436, stack(0x000000e117100000,0x000000e117200000) (1024K)]
  0x00000298ed54f4f0 WorkerThread "GC Thread#8"                     [id=16036, stack(0x000000e117200000,0x000000e117300000) (1024K)]
  0x00000298ed54f890 WorkerThread "GC Thread#9"                     [id=19964, stack(0x000000e117d00000,0x000000e117e00000) (1024K)]
  0x00000298ce06e220 ConcurrentGCThread "G1 Main Marker"            [id=2556, stack(0x000000e115900000,0x000000e115a00000) (1024K)]
  0x00000298cf9c4c40 WorkerThread "G1 Conc#0"                       [id=9420, stack(0x000000e115a00000,0x000000e115b00000) (1024K)]
  0x00000298ed54fc30 WorkerThread "G1 Conc#1"                       [id=12804, stack(0x000000e117e00000,0x000000e117f00000) (1024K)]
  0x00000298ee85ee20 WorkerThread "G1 Conc#2"                       [id=6204, stack(0x000000e117f00000,0x000000e118000000) (1024K)]
  0x00000298e7b516f0 ConcurrentGCThread "G1 Refine#0"               [id=17292, stack(0x000000e115b00000,0x000000e115c00000) (1024K)]
  0x00000298e7b52260 ConcurrentGCThread "G1 Service"                [id=6704, stack(0x000000e115c00000,0x000000e115d00000) (1024K)]
Total: 18

Threads with active compile tasks:
C2 CompilerThread0  4188 4700   !   4       java.net.URLClassLoader$1::run (81 bytes)
C2 CompilerThread1  4188 4701   !   4       java.net.URLClassLoader::findClass (47 bytes)
C2 CompilerThread2  4188 4699       4       java.net.URLClassLoader$1::run (5 bytes)
Total: 3

VM state: not at safepoint (normal execution)

VM Mutex/Monitor currently owned by a thread: None

Heap address: 0x0000000080000000, size: 2048 MB, Compressed Oops mode: 32-bit

CDS archive(s) not mapped
Compressed class space mapped at: 0x0000000100000000-0x0000000140000000, reserved size: 1073741824
Narrow klass base: 0x0000000000000000, Narrow klass shift: 3, Narrow klass range: 0x140000000

GC Precious Log:
 CardTable entry size: 512
 Card Set container configuration: InlinePtr #cards 5 size 8 Array Of Cards #cards 12 size 40 Howl #buckets 4 coarsen threshold 1843 Howl Bitmap #cards 512 size 80 coarsen threshold 460 Card regions per heap region 1 cards per card region 2048
 CPUs: 12 total, 12 available
 Memory: 16085M
 Large Page Support: Disabled
 NUMA Support: Disabled
 Compressed Oops: Enabled (32-bit)
 Heap Region Size: 1M
 Heap Min Capacity: 8M
 Heap Initial Capacity: 252M
 Heap Max Capacity: 2G
 Pre-touch: Disabled
 Parallel Workers: 10
 Concurrent Workers: 3
 Concurrent Refinement Workers: 10
 Periodic GC: Disabled

Heap:
 garbage-first heap   total 109568K, used 48232K [0x0000000080000000, 0x0000000100000000)
  region size 1024K, 18 young (18432K), 6 survivors (6144K)
 Metaspace       used 53326K, committed 54848K, reserved 1114112K
  class space    used 7174K, committed 7936K, reserved 1048576K

Heap Regions: E=young(eden), S=young(survivor), O=old, HS=humongous(starts), HC=humongous(continues), CS=collection set, F=free, TAMS=top-at-mark-start, PB=parsable bottom
|   0|0x0000000080000000, 0x0000000080100000, 0x0000000080100000|100%| O|  |TAMS 0x0000000080000000| PB 0x0000000080000000| Untracked 
|   1|0x0000000080100000, 0x0000000080200000, 0x0000000080200000|100%| O|  |TAMS 0x0000000080100000| PB 0x0000000080100000| Untracked 
|   2|0x0000000080200000, 0x0000000080300000, 0x0000000080300000|100%|HS|  |TAMS 0x0000000080200000| PB 0x0000000080200000| Complete 
|   3|0x0000000080300000, 0x0000000080400000, 0x0000000080400000|100%|HC|  |TAMS 0x0000000080300000| PB 0x0000000080300000| Complete 
|   4|0x0000000080400000, 0x0000000080500000, 0x0000000080500000|100%|HC|  |TAMS 0x0000000080400000| PB 0x0000000080400000| Complete 
|   5|0x0000000080500000, 0x0000000080600000, 0x0000000080600000|100%|HC|  |TAMS 0x0000000080500000| PB 0x0000000080500000| Complete 
|   6|0x0000000080600000, 0x0000000080700000, 0x0000000080700000|100%| O|  |TAMS 0x0000000080600000| PB 0x0000000080600000| Untracked 
|   7|0x0000000080700000, 0x0000000080800000, 0x0000000080800000|100%| O|  |TAMS 0x0000000080700000| PB 0x0000000080700000| Untracked 
|   8|0x0000000080800000, 0x0000000080900000, 0x0000000080900000|100%| O|  |TAMS 0x0000000080800000| PB 0x0000000080800000| Untracked 
|   9|0x0000000080900000, 0x0000000080a00000, 0x0000000080a00000|100%|HS|  |TAMS 0x0000000080900000| PB 0x0000000080900000| Complete 
|  10|0x0000000080a00000, 0x0000000080b00000, 0x0000000080b00000|100%| O|  |TAMS 0x0000000080a00000| PB 0x0000000080a00000| Untracked 
|  11|0x0000000080b00000, 0x0000000080c00000, 0x0000000080c00000|100%| O|  |TAMS 0x0000000080b00000| PB 0x0000000080b00000| Untracked 
|  12|0x0000000080c00000, 0x0000000080d00000, 0x0000000080d00000|100%| O|  |TAMS 0x0000000080c00000| PB 0x0000000080c00000| Untracked 
|  13|0x0000000080d00000, 0x0000000080e00000, 0x0000000080e00000|100%| O|  |TAMS 0x0000000080d00000| PB 0x0000000080d00000| Untracked 
|  14|0x0000000080e00000, 0x0000000080f00000, 0x0000000080f00000|100%| O|  |TAMS 0x0000000080e00000| PB 0x0000000080e00000| Untracked 
|  15|0x0000000080f00000, 0x0000000081000000, 0x0000000081000000|100%| O|  |TAMS 0x0000000080f00000| PB 0x0000000080f00000| Untracked 
|  16|0x0000000081000000, 0x0000000081100000, 0x0000000081100000|100%| O|  |TAMS 0x0000000081000000| PB 0x0000000081000000| Untracked 
|  17|0x0000000081100000, 0x0000000081200000, 0x0000000081200000|100%| O|  |TAMS 0x0000000081100000| PB 0x0000000081100000| Untracked 
|  18|0x0000000081200000, 0x0000000081300000, 0x0000000081300000|100%| O|  |TAMS 0x0000000081200000| PB 0x0000000081200000| Untracked 
|  19|0x0000000081300000, 0x0000000081400000, 0x0000000081400000|100%| O|  |TAMS 0x0000000081300000| PB 0x0000000081300000| Untracked 
|  20|0x0000000081400000, 0x0000000081500000, 0x0000000081500000|100%| O|  |TAMS 0x0000000081400000| PB 0x0000000081400000| Untracked 
|  21|0x0000000081500000, 0x0000000081600000, 0x0000000081600000|100%|HS|  |TAMS 0x0000000081500000| PB 0x0000000081500000| Complete 
|  22|0x0000000081600000, 0x0000000081700000, 0x0000000081700000|100%| O|  |TAMS 0x0000000081600000| PB 0x0000000081600000| Untracked 
|  23|0x0000000081700000, 0x0000000081800000, 0x0000000081800000|100%| O|  |TAMS 0x0000000081700000| PB 0x0000000081700000| Untracked 
|  24|0x0000000081800000, 0x0000000081900000, 0x0000000081900000|100%| O|  |TAMS 0x0000000081800000| PB 0x0000000081800000| Untracked 
|  25|0x0000000081900000, 0x0000000081a00000, 0x0000000081a00000|100%| O|  |TAMS 0x0000000081900000| PB 0x0000000081900000| Untracked 
|  26|0x0000000081a00000, 0x0000000081b00000, 0x0000000081b00000|100%| O|  |TAMS 0x0000000081a00000| PB 0x0000000081a00000| Untracked 
|  27|0x0000000081b00000, 0x0000000081c00000, 0x0000000081c00000|100%| O|  |TAMS 0x0000000081b00000| PB 0x0000000081b00000| Untracked 
|  28|0x0000000081c00000, 0x0000000081d00000, 0x0000000081d00000|100%|HS|  |TAMS 0x0000000081c00000| PB 0x0000000081c00000| Complete 
|  29|0x0000000081d00000, 0x0000000081d00000, 0x0000000081e00000|  0%| F|  |TAMS 0x0000000081d00000| PB 0x0000000081d00000| Untracked 
|  30|0x0000000081e00000, 0x0000000081e00000, 0x0000000081f00000|  0%| F|  |TAMS 0x0000000081e00000| PB 0x0000000081e00000| Untracked 
|  31|0x0000000081f00000, 0x0000000081f56610, 0x0000000082000000| 33%| S|CS|TAMS 0x0000000081f00000| PB 0x0000000081f00000| Complete 
|  32|0x0000000082000000, 0x0000000082100000, 0x0000000082100000|100%| S|CS|TAMS 0x0000000082000000| PB 0x0000000082000000| Complete 
|  33|0x0000000082100000, 0x0000000082200000, 0x0000000082200000|100%| S|CS|TAMS 0x0000000082100000| PB 0x0000000082100000| Complete 
|  34|0x0000000082200000, 0x0000000082300000, 0x0000000082300000|100%| S|CS|TAMS 0x0000000082200000| PB 0x0000000082200000| Complete 
|  35|0x0000000082300000, 0x0000000082400000, 0x0000000082400000|100%| O|  |TAMS 0x0000000082300000| PB 0x0000000082300000| Untracked 
|  36|0x0000000082400000, 0x0000000082500000, 0x0000000082500000|100%| O|  |TAMS 0x0000000082400000| PB 0x0000000082400000| Untracked 
|  37|0x0000000082500000, 0x00000000825c3db0, 0x0000000082600000| 76%| O|  |TAMS 0x0000000082500000| PB 0x0000000082500000| Untracked 
|  38|0x0000000082600000, 0x0000000082700000, 0x0000000082700000|100%| S|CS|TAMS 0x0000000082600000| PB 0x0000000082600000| Complete 
|  39|0x0000000082700000, 0x0000000082800000, 0x0000000082800000|100%| S|CS|TAMS 0x0000000082700000| PB 0x0000000082700000| Complete 
|  40|0x0000000082800000, 0x0000000082800000, 0x0000000082900000|  0%| F|  |TAMS 0x0000000082800000| PB 0x0000000082800000| Untracked 
|  41|0x0000000082900000, 0x0000000082900000, 0x0000000082a00000|  0%| F|  |TAMS 0x0000000082900000| PB 0x0000000082900000| Untracked 
|  42|0x0000000082a00000, 0x0000000082a00000, 0x0000000082b00000|  0%| F|  |TAMS 0x0000000082a00000| PB 0x0000000082a00000| Untracked 
|  43|0x0000000082b00000, 0x0000000082b00000, 0x0000000082c00000|  0%| F|  |TAMS 0x0000000082b00000| PB 0x0000000082b00000| Untracked 
|  44|0x0000000082c00000, 0x0000000082c00000, 0x0000000082d00000|  0%| F|  |TAMS 0x0000000082c00000| PB 0x0000000082c00000| Untracked 
|  45|0x0000000082d00000, 0x0000000082d00000, 0x0000000082e00000|  0%| F|  |TAMS 0x0000000082d00000| PB 0x0000000082d00000| Untracked 
|  46|0x0000000082e00000, 0x0000000082e00000, 0x0000000082f00000|  0%| F|  |TAMS 0x0000000082e00000| PB 0x0000000082e00000| Untracked 
|  47|0x0000000082f00000, 0x0000000082f00000, 0x0000000083000000|  0%| F|  |TAMS 0x0000000082f00000| PB 0x0000000082f00000| Untracked 
|  48|0x0000000083000000, 0x0000000083000000, 0x0000000083100000|  0%| F|  |TAMS 0x0000000083000000| PB 0x0000000083000000| Untracked 
|  49|0x0000000083100000, 0x0000000083100000, 0x0000000083200000|  0%| F|  |TAMS 0x0000000083100000| PB 0x0000000083100000| Untracked 
|  50|0x0000000083200000, 0x0000000083200000, 0x0000000083300000|  0%| F|  |TAMS 0x0000000083200000| PB 0x0000000083200000| Untracked 
|  51|0x0000000083300000, 0x0000000083300000, 0x0000000083400000|  0%| F|  |TAMS 0x0000000083300000| PB 0x0000000083300000| Untracked 
|  52|0x0000000083400000, 0x0000000083400000, 0x0000000083500000|  0%| F|  |TAMS 0x0000000083400000| PB 0x0000000083400000| Untracked 
|  53|0x0000000083500000, 0x0000000083500000, 0x0000000083600000|  0%| F|  |TAMS 0x0000000083500000| PB 0x0000000083500000| Untracked 
|  54|0x0000000083600000, 0x0000000083600000, 0x0000000083700000|  0%| F|  |TAMS 0x0000000083600000| PB 0x0000000083600000| Untracked 
|  55|0x0000000083700000, 0x0000000083700000, 0x0000000083800000|  0%| F|  |TAMS 0x0000000083700000| PB 0x0000000083700000| Untracked 
|  56|0x0000000083800000, 0x0000000083800000, 0x0000000083900000|  0%| F|  |TAMS 0x0000000083800000| PB 0x0000000083800000| Untracked 
|  57|0x0000000083900000, 0x0000000083900000, 0x0000000083a00000|  0%| F|  |TAMS 0x0000000083900000| PB 0x0000000083900000| Untracked 
|  58|0x0000000083a00000, 0x0000000083a00000, 0x0000000083b00000|  0%| F|  |TAMS 0x0000000083a00000| PB 0x0000000083a00000| Untracked 
|  59|0x0000000083b00000, 0x0000000083b00000, 0x0000000083c00000|  0%| F|  |TAMS 0x0000000083b00000| PB 0x0000000083b00000| Untracked 
|  60|0x0000000083c00000, 0x0000000083c00000, 0x0000000083d00000|  0%| F|  |TAMS 0x0000000083c00000| PB 0x0000000083c00000| Untracked 
|  61|0x0000000083d00000, 0x0000000083d00000, 0x0000000083e00000|  0%| F|  |TAMS 0x0000000083d00000| PB 0x0000000083d00000| Untracked 
|  62|0x0000000083e00000, 0x0000000083e00000, 0x0000000083f00000|  0%| F|  |TAMS 0x0000000083e00000| PB 0x0000000083e00000| Untracked 
|  63|0x0000000083f00000, 0x0000000083f00000, 0x0000000084000000|  0%| F|  |TAMS 0x0000000083f00000| PB 0x0000000083f00000| Untracked 
|  64|0x0000000084000000, 0x0000000084000000, 0x0000000084100000|  0%| F|  |TAMS 0x0000000084000000| PB 0x0000000084000000| Untracked 
|  65|0x0000000084100000, 0x0000000084100000, 0x0000000084200000|  0%| F|  |TAMS 0x0000000084100000| PB 0x0000000084100000| Untracked 
|  66|0x0000000084200000, 0x0000000084200000, 0x0000000084300000|  0%| F|  |TAMS 0x0000000084200000| PB 0x0000000084200000| Untracked 
|  67|0x0000000084300000, 0x0000000084300000, 0x0000000084400000|  0%| F|  |TAMS 0x0000000084300000| PB 0x0000000084300000| Untracked 
|  68|0x0000000084400000, 0x0000000084400000, 0x0000000084500000|  0%| F|  |TAMS 0x0000000084400000| PB 0x0000000084400000| Untracked 
|  69|0x0000000084500000, 0x0000000084500000, 0x0000000084600000|  0%| F|  |TAMS 0x0000000084500000| PB 0x0000000084500000| Untracked 
|  70|0x0000000084600000, 0x0000000084600000, 0x0000000084700000|  0%| F|  |TAMS 0x0000000084600000| PB 0x0000000084600000| Untracked 
|  71|0x0000000084700000, 0x0000000084700000, 0x0000000084800000|  0%| F|  |TAMS 0x0000000084700000| PB 0x0000000084700000| Untracked 
|  72|0x0000000084800000, 0x0000000084800000, 0x0000000084900000|  0%| F|  |TAMS 0x0000000084800000| PB 0x0000000084800000| Untracked 
|  73|0x0000000084900000, 0x0000000084900000, 0x0000000084a00000|  0%| F|  |TAMS 0x0000000084900000| PB 0x0000000084900000| Untracked 
|  74|0x0000000084a00000, 0x0000000084a00000, 0x0000000084b00000|  0%| F|  |TAMS 0x0000000084a00000| PB 0x0000000084a00000| Untracked 
|  75|0x0000000084b00000, 0x0000000084b00000, 0x0000000084c00000|  0%| F|  |TAMS 0x0000000084b00000| PB 0x0000000084b00000| Untracked 
|  76|0x0000000084c00000, 0x0000000084c00000, 0x0000000084d00000|  0%| F|  |TAMS 0x0000000084c00000| PB 0x0000000084c00000| Untracked 
|  77|0x0000000084d00000, 0x0000000084d00000, 0x0000000084e00000|  0%| F|  |TAMS 0x0000000084d00000| PB 0x0000000084d00000| Untracked 
|  78|0x0000000084e00000, 0x0000000084e00000, 0x0000000084f00000|  0%| F|  |TAMS 0x0000000084e00000| PB 0x0000000084e00000| Untracked 
|  79|0x0000000084f00000, 0x0000000084f00000, 0x0000000085000000|  0%| F|  |TAMS 0x0000000084f00000| PB 0x0000000084f00000| Untracked 
|  80|0x0000000085000000, 0x0000000085000000, 0x0000000085100000|  0%| F|  |TAMS 0x0000000085000000| PB 0x0000000085000000| Untracked 
|  81|0x0000000085100000, 0x0000000085100000, 0x0000000085200000|  0%| F|  |TAMS 0x0000000085100000| PB 0x0000000085100000| Untracked 
|  82|0x0000000085200000, 0x0000000085200000, 0x0000000085300000|  0%| F|  |TAMS 0x0000000085200000| PB 0x0000000085200000| Untracked 
|  83|0x0000000085300000, 0x0000000085300000, 0x0000000085400000|  0%| F|  |TAMS 0x0000000085300000| PB 0x0000000085300000| Untracked 
|  84|0x0000000085400000, 0x0000000085400000, 0x0000000085500000|  0%| F|  |TAMS 0x0000000085400000| PB 0x0000000085400000| Untracked 
|  85|0x0000000085500000, 0x0000000085500000, 0x0000000085600000|  0%| F|  |TAMS 0x0000000085500000| PB 0x0000000085500000| Untracked 
|  86|0x0000000085600000, 0x0000000085600000, 0x0000000085700000|  0%| F|  |TAMS 0x0000000085600000| PB 0x0000000085600000| Untracked 
|  87|0x0000000085700000, 0x0000000085700000, 0x0000000085800000|  0%| F|  |TAMS 0x0000000085700000| PB 0x0000000085700000| Untracked 
|  88|0x0000000085800000, 0x0000000085800000, 0x0000000085900000|  0%| F|  |TAMS 0x0000000085800000| PB 0x0000000085800000| Untracked 
|  89|0x0000000085900000, 0x0000000085900000, 0x0000000085a00000|  0%| F|  |TAMS 0x0000000085900000| PB 0x0000000085900000| Untracked 
|  90|0x0000000085a00000, 0x0000000085a00000, 0x0000000085b00000|  0%| F|  |TAMS 0x0000000085a00000| PB 0x0000000085a00000| Untracked 
|  91|0x0000000085b00000, 0x0000000085b00000, 0x0000000085c00000|  0%| F|  |TAMS 0x0000000085b00000| PB 0x0000000085b00000| Untracked 
|  92|0x0000000085c00000, 0x0000000085c00000, 0x0000000085d00000|  0%| F|  |TAMS 0x0000000085c00000| PB 0x0000000085c00000| Untracked 
|  93|0x0000000085d00000, 0x0000000085d00000, 0x0000000085e00000|  0%| F|  |TAMS 0x0000000085d00000| PB 0x0000000085d00000| Untracked 
|  94|0x0000000085e00000, 0x0000000085e00000, 0x0000000085f00000|  0%| F|  |TAMS 0x0000000085e00000| PB 0x0000000085e00000| Untracked 
|  95|0x0000000085f00000, 0x0000000086000000, 0x0000000086000000|100%| E|  |TAMS 0x0000000085f00000| PB 0x0000000085f00000| Complete 
| 219|0x000000008db00000, 0x000000008dc00000, 0x000000008dc00000|100%| E|CS|TAMS 0x000000008db00000| PB 0x000000008db00000| Complete 
| 220|0x000000008dc00000, 0x000000008dd00000, 0x000000008dd00000|100%| E|CS|TAMS 0x000000008dc00000| PB 0x000000008dc00000| Complete 
| 221|0x000000008dd00000, 0x000000008de00000, 0x000000008de00000|100%| E|CS|TAMS 0x000000008dd00000| PB 0x000000008dd00000| Complete 
| 222|0x000000008de00000, 0x000000008df00000, 0x000000008df00000|100%| E|  |TAMS 0x000000008de00000| PB 0x000000008de00000| Complete 
| 223|0x000000008df00000, 0x000000008e000000, 0x000000008e000000|100%| E|CS|TAMS 0x000000008df00000| PB 0x000000008df00000| Complete 
| 224|0x000000008e000000, 0x000000008e100000, 0x000000008e100000|100%| E|CS|TAMS 0x000000008e000000| PB 0x000000008e000000| Complete 
| 225|0x000000008e100000, 0x000000008e200000, 0x000000008e200000|100%| E|CS|TAMS 0x000000008e100000| PB 0x000000008e100000| Complete 
| 226|0x000000008e200000, 0x000000008e300000, 0x000000008e300000|100%| E|CS|TAMS 0x000000008e200000| PB 0x000000008e200000| Complete 
| 227|0x000000008e300000, 0x000000008e400000, 0x000000008e400000|100%| E|CS|TAMS 0x000000008e300000| PB 0x000000008e300000| Complete 
| 228|0x000000008e400000, 0x000000008e500000, 0x000000008e500000|100%| E|CS|TAMS 0x000000008e400000| PB 0x000000008e400000| Complete 
| 251|0x000000008fb00000, 0x000000008fc00000, 0x000000008fc00000|100%| E|CS|TAMS 0x000000008fb00000| PB 0x000000008fb00000| Complete 

Card table byte_map: [0x00000298e2bd0000,0x00000298e2fd0000] _byte_map_base: 0x00000298e27d0000

Marking Bits: (CMBitMap*) 0x00000298cf9b38c0
 Bits: [0x00000298e2fd0000, 0x00000298e4fd0000)

Polling page: 0x00000298ce130000

Metaspace:

Usage:
  Non-class:     45.07 MB used.
      Class:      7.01 MB used.
       Both:     52.08 MB used.

Virtual space:
  Non-class space:       64.00 MB reserved,      45.81 MB ( 72%) committed,  1 nodes.
      Class space:        1.00 GB reserved,       7.75 MB ( <1%) committed,  1 nodes.
             Both:        1.06 GB reserved,      53.56 MB (  5%) committed. 

Chunk freelists:
   Non-Class:  1.58 MB
       Class:  8.11 MB
        Both:  9.69 MB

MaxMetaspaceSize: unlimited
CompressedClassSpaceSize: 1.00 GB
Initial GC threshold: 21.00 MB
Current GC threshold: 58.88 MB
CDS: off
 - commit_granule_bytes: 65536.
 - commit_granule_words: 8192.
 - virtual_space_node_default_size: 8388608.
 - enlarge_chunks_in_place: 1.
 - use_allocation_guard: 0.


Internal statistics:

num_allocs_failed_limit: 6.
num_arena_births: 2740.
num_arena_deaths: 0.
num_vsnodes_births: 2.
num_vsnodes_deaths: 0.
num_space_committed: 857.
num_space_uncommitted: 0.
num_chunks_returned_to_freelist: 6.
num_chunks_taken_from_freelist: 4841.
num_chunk_merges: 6.
num_chunk_splits: 3114.
num_chunks_enlarged: 1885.
num_inconsistent_stats: 0.

CodeHeap 'non-profiled nmethods': size=120000Kb used=2621Kb max_used=2621Kb free=117378Kb
 bounds [0x00000298da610000, 0x00000298da8a0000, 0x00000298e1b40000]
CodeHeap 'profiled nmethods': size=120000Kb used=8267Kb max_used=8267Kb free=111732Kb
 bounds [0x00000298d2b40000, 0x00000298d3360000, 0x00000298da070000]
CodeHeap 'non-nmethods': size=5760Kb used=2112Kb max_used=2128Kb free=3647Kb
 bounds [0x00000298da070000, 0x00000298da2e0000, 0x00000298da610000]
 total_blobs=5026 nmethods=4322 adapters=608
 compilation: enabled
              stopped_count=0, restarted_count=0
 full_count=0

Compilation events (20 events):
Event: 4.014 Thread 0x00000298e7d97d80 4727       1       org.gradle.api.attributes.Attribute::hashCode (5 bytes)
Event: 4.014 Thread 0x00000298e7d97d80 nmethod 4727 0x00000298da89f410 code [0x00000298da89f5a0, 0x00000298da89f668]
Event: 4.014 Thread 0x00000298e7d97d80 4728       3       com.google.common.collect.RegularImmutableMap::fromEntryArrayCheckingBucketOverflow (282 bytes)
Event: 4.016 Thread 0x00000298e7d97d80 nmethod 4728 0x00000298d334ab90 code [0x00000298d334af80, 0x00000298d334cba0]
Event: 4.016 Thread 0x00000298e7d97d80 4729       3       java.nio.MappedByteBuffer::position (6 bytes)
Event: 4.016 Thread 0x00000298e7d97d80 nmethod 4729 0x00000298d334d790 code [0x00000298d334d940, 0x00000298d334db50]
Event: 4.016 Thread 0x00000298e7d97d80 4730       3       org.gradle.internal.service.DefaultServiceRegistry$FactoryMethodService::getParameterTypes (10 bytes)
Event: 4.016 Thread 0x00000298e7d97d80 nmethod 4730 0x00000298d334dc90 code [0x00000298d334de40, 0x00000298d334e040]
Event: 4.039 Thread 0x00000298e7d97d80 4732       3       kotlin.jvm.internal.Lambda::<init> (10 bytes)
Event: 4.039 Thread 0x00000298e7d97d80 nmethod 4732 0x00000298d334e190 code [0x00000298d334e340, 0x00000298d334e4a8]
Event: 4.072 Thread 0x00000298e7d97d80 4733       3       java.util.jar.JarFile$JarFileEntry::getRealName (5 bytes)
Event: 4.072 Thread 0x00000298e7d97d80 nmethod 4733 0x00000298d334e590 code [0x00000298d334e720, 0x00000298d334e840]
Event: 4.078 Thread 0x00000298e7d97d80 4734       3       kotlin.reflect.jvm.internal.impl.name.Name::asString (13 bytes)
Event: 4.079 Thread 0x00000298e7d97d80 nmethod 4734 0x00000298d334e910 code [0x00000298d334eac0, 0x00000298d334ec40]
Event: 4.080 Thread 0x00000298e7d97d80 4735       3       kotlin.reflect.jvm.internal.impl.name.FqNameUnsafe::isRoot (8 bytes)
Event: 4.080 Thread 0x00000298e7d97d80 nmethod 4735 0x00000298d334ed10 code [0x00000298d334eec0, 0x00000298d334f098]
Event: 4.080 Thread 0x00000298e7d97d80 4736       3       kotlin.reflect.jvm.internal.impl.name.FqNameUnsafe::hashCode (8 bytes)
Event: 4.080 Thread 0x00000298e7d97d80 nmethod 4736 0x00000298d334f190 code [0x00000298d334f340, 0x00000298d334f480]
Event: 4.080 Thread 0x00000298e7d97d80 4737       3       kotlin.reflect.jvm.internal.impl.name.FqNameUnsafe::<init> (28 bytes)
Event: 4.080 Thread 0x00000298e7d97d80 nmethod 4737 0x00000298d334f590 code [0x00000298d334f760, 0x00000298d334fa60]

GC Heap History (20 events):
Event: 0.446 GC heap before
{Heap before GC invocations=0 (full 0):
 garbage-first heap   total 258048K, used 22528K [0x0000000080000000, 0x0000000100000000)
  region size 1024K, 23 young (23552K), 0 survivors (0K)
 Metaspace       used 8012K, committed 8128K, reserved 1114112K
  class space    used 712K, committed 768K, reserved 1048576K
}
Event: 0.448 GC heap after
{Heap after GC invocations=1 (full 0):
 garbage-first heap   total 258048K, used 4641K [0x0000000080000000, 0x0000000100000000)
  region size 1024K, 3 young (3072K), 3 survivors (3072K)
 Metaspace       used 8012K, committed 8128K, reserved 1114112K
  class space    used 712K, committed 768K, reserved 1048576K
}
Event: 0.864 GC heap before
{Heap before GC invocations=1 (full 0):
 garbage-first heap   total 258048K, used 41505K [0x0000000080000000, 0x0000000100000000)
  region size 1024K, 35 young (35840K), 3 survivors (3072K)
 Metaspace       used 12141K, committed 12352K, reserved 1114112K
  class space    used 1279K, committed 1408K, reserved 1048576K
}
Event: 0.867 GC heap after
{Heap after GC invocations=2 (full 0):
 garbage-first heap   total 258048K, used 12314K [0x0000000080000000, 0x0000000100000000)
  region size 1024K, 4 young (4096K), 4 survivors (4096K)
 Metaspace       used 12141K, committed 12352K, reserved 1114112K
  class space    used 1279K, committed 1408K, reserved 1048576K
}
Event: 1.358 GC heap before
{Heap before GC invocations=2 (full 0):
 garbage-first heap   total 258048K, used 61466K [0x0000000080000000, 0x0000000100000000)
  region size 1024K, 50 young (51200K), 4 survivors (4096K)
 Metaspace       used 14961K, committed 15168K, reserved 1114112K
  class space    used 1631K, committed 1728K, reserved 1048576K
}
Event: 1.362 GC heap after
{Heap after GC invocations=3 (full 0):
 garbage-first heap   total 258048K, used 19044K [0x0000000080000000, 0x0000000100000000)
  region size 1024K, 7 young (7168K), 7 survivors (7168K)
 Metaspace       used 14961K, committed 15168K, reserved 1114112K
  class space    used 1631K, committed 1728K, reserved 1048576K
}
Event: 1.704 GC heap before
{Heap before GC invocations=3 (full 0):
 garbage-first heap   total 258048K, used 41572K [0x0000000080000000, 0x0000000100000000)
  region size 1024K, 30 young (30720K), 7 survivors (7168K)
 Metaspace       used 21173K, committed 21504K, reserved 1114112K
  class space    used 2441K, committed 2624K, reserved 1048576K
}
Event: 1.707 GC heap after
{Heap after GC invocations=4 (full 0):
 garbage-first heap   total 258048K, used 21621K [0x0000000080000000, 0x0000000100000000)
  region size 1024K, 10 young (10240K), 10 survivors (10240K)
 Metaspace       used 21173K, committed 21504K, reserved 1114112K
  class space    used 2441K, committed 2624K, reserved 1048576K
}
Event: 2.427 GC heap before
{Heap before GC invocations=5 (full 0):
 garbage-first heap   total 75776K, used 73845K [0x0000000080000000, 0x0000000100000000)
  region size 1024K, 62 young (63488K), 10 survivors (10240K)
 Metaspace       used 29493K, committed 30144K, reserved 1114112K
  class space    used 3768K, committed 4096K, reserved 1048576K
}
Event: 2.432 GC heap after
{Heap after GC invocations=6 (full 0):
 garbage-first heap   total 89088K, used 24899K [0x0000000080000000, 0x0000000100000000)
  region size 1024K, 13 young (13312K), 13 survivors (13312K)
 Metaspace       used 29493K, committed 30144K, reserved 1114112K
  class space    used 3768K, committed 4096K, reserved 1048576K
}
Event: 2.866 GC heap before
{Heap before GC invocations=6 (full 0):
 garbage-first heap   total 89088K, used 63811K [0x0000000080000000, 0x0000000100000000)
  region size 1024K, 52 young (53248K), 13 survivors (13312K)
 Metaspace       used 34901K, committed 35776K, reserved 1114112K
  class space    used 4669K, committed 5120K, reserved 1048576K
}
Event: 2.871 GC heap after
{Heap after GC invocations=7 (full 0):
 garbage-first heap   total 89088K, used 27322K [0x0000000080000000, 0x0000000100000000)
  region size 1024K, 6 young (6144K), 6 survivors (6144K)
 Metaspace       used 34901K, committed 35776K, reserved 1114112K
  class space    used 4669K, committed 5120K, reserved 1048576K
}
Event: 2.892 GC heap before
{Heap before GC invocations=7 (full 0):
 garbage-first heap   total 89088K, used 29370K [0x0000000080000000, 0x0000000100000000)
  region size 1024K, 9 young (9216K), 6 survivors (6144K)
 Metaspace       used 35178K, committed 36096K, reserved 1114112K
  class space    used 4718K, committed 5184K, reserved 1048576K
}
Event: 2.895 GC heap after
{Heap after GC invocations=8 (full 0):
 garbage-first heap   total 89088K, used 27412K [0x0000000080000000, 0x0000000100000000)
  region size 1024K, 3 young (3072K), 3 survivors (3072K)
 Metaspace       used 35178K, committed 36096K, reserved 1114112K
  class space    used 4718K, committed 5184K, reserved 1048576K
}
Event: 3.375 GC heap before
{Heap before GC invocations=9 (full 0):
 garbage-first heap   total 89088K, used 77588K [0x0000000080000000, 0x0000000100000000)
  region size 1024K, 52 young (53248K), 3 survivors (3072K)
 Metaspace       used 43984K, committed 45248K, reserved 1114112K
  class space    used 5899K, committed 6528K, reserved 1048576K
}
Event: 3.379 GC heap after
{Heap after GC invocations=10 (full 0):
 garbage-first heap   total 89088K, used 31359K [0x0000000080000000, 0x0000000100000000)
  region size 1024K, 7 young (7168K), 7 survivors (7168K)
 Metaspace       used 43984K, committed 45248K, reserved 1114112K
  class space    used 5899K, committed 6528K, reserved 1048576K
}
Event: 3.596 GC heap before
{Heap before GC invocations=10 (full 0):
 garbage-first heap   total 89088K, used 75391K [0x0000000080000000, 0x0000000100000000)
  region size 1024K, 51 young (52224K), 7 survivors (7168K)
 Metaspace       used 46558K, committed 47936K, reserved 1114112K
  class space    used 6222K, committed 6912K, reserved 1048576K
}
Event: 3.601 GC heap after
{Heap after GC invocations=11 (full 0):
 garbage-first heap   total 89088K, used 33548K [0x0000000080000000, 0x0000000100000000)
  region size 1024K, 3 young (3072K), 3 survivors (3072K)
 Metaspace       used 46558K, committed 47936K, reserved 1114112K
  class space    used 6222K, committed 6912K, reserved 1048576K
}
Event: 3.963 GC heap before
{Heap before GC invocations=11 (full 0):
 garbage-first heap   total 89088K, used 78604K [0x0000000080000000, 0x0000000100000000)
  region size 1024K, 47 young (48128K), 3 survivors (3072K)
 Metaspace       used 51042K, committed 52480K, reserved 1114112K
  class space    used 6957K, committed 7680K, reserved 1048576K
}
Event: 3.966 GC heap after
{Heap after GC invocations=12 (full 0):
 garbage-first heap   total 109568K, used 35944K [0x0000000080000000, 0x0000000100000000)
  region size 1024K, 6 young (6144K), 6 survivors (6144K)
 Metaspace       used 51042K, committed 52480K, reserved 1114112K
  class space    used 6957K, committed 7680K, reserved 1048576K
}

Dll operation events (3 events):
Event: 0.008 Loaded shared library C:\Program Files\Android\Android Studio\jbr\bin\java.dll
Event: 0.012 Loaded shared library C:\Program Files\Android\Android Studio\jbr\bin\zip.dll
Event: 0.481 Loaded shared library C:\Program Files\Android\Android Studio\jbr\bin\verify.dll

Deoptimization events (20 events):
Event: 3.912 Thread 0x00000298ee448660 Uncommon trap: trap_request=0xffffffde fr.pc=0x00000298da6d25c8 relative=0x0000000000000c88
Event: 3.912 Thread 0x00000298ee448660 Uncommon trap: reason=class_check action=maybe_recompile pc=0x00000298da6d25c8 method=jdk.internal.loader.URLClassPath.getLoader(I)Ljdk/internal/loader/URLClassPath$Loader; @ 190 c2
Event: 3.912 Thread 0x00000298ee448660 DEOPT PACKING pc=0x00000298da6d25c8 sp=0x000000e1179f93e0
Event: 3.912 Thread 0x00000298ee448660 DEOPT UNPACKING pc=0x00000298da0c7da2 sp=0x000000e1179f93b0 mode 2
Event: 3.912 Thread 0x00000298ee448660 Uncommon trap: trap_request=0xffffffde fr.pc=0x00000298da84f434 relative=0x0000000000000214
Event: 3.912 Thread 0x00000298ee448660 Uncommon trap: reason=class_check action=maybe_recompile pc=0x00000298da84f434 method=jdk.internal.loader.URLClassPath.getResource(Ljava/lang/String;Z)Ljdk/internal/loader/Resource; @ 53 c2
Event: 3.912 Thread 0x00000298ee448660 DEOPT PACKING pc=0x00000298da84f434 sp=0x000000e1179f9480
Event: 3.912 Thread 0x00000298ee448660 DEOPT UNPACKING pc=0x00000298da0c7da2 sp=0x000000e1179f9410 mode 2
Event: 3.916 Thread 0x00000298ee448660 Uncommon trap: trap_request=0xffffffde fr.pc=0x00000298da6d25c8 relative=0x0000000000000c88
Event: 3.916 Thread 0x00000298ee448660 Uncommon trap: reason=class_check action=maybe_recompile pc=0x00000298da6d25c8 method=jdk.internal.loader.URLClassPath.getLoader(I)Ljdk/internal/loader/URLClassPath$Loader; @ 190 c2
Event: 3.916 Thread 0x00000298ee448660 DEOPT PACKING pc=0x00000298da6d25c8 sp=0x000000e1179f92b0
Event: 3.916 Thread 0x00000298ee448660 DEOPT UNPACKING pc=0x00000298da0c7da2 sp=0x000000e1179f9280 mode 2
Event: 3.916 Thread 0x00000298ee448660 Uncommon trap: trap_request=0xffffffde fr.pc=0x00000298da84f434 relative=0x0000000000000214
Event: 3.916 Thread 0x00000298ee448660 Uncommon trap: reason=class_check action=maybe_recompile pc=0x00000298da84f434 method=jdk.internal.loader.URLClassPath.getResource(Ljava/lang/String;Z)Ljdk/internal/loader/Resource; @ 53 c2
Event: 3.916 Thread 0x00000298ee448660 DEOPT PACKING pc=0x00000298da84f434 sp=0x000000e1179f9350
Event: 3.916 Thread 0x00000298ee448660 DEOPT UNPACKING pc=0x00000298da0c7da2 sp=0x000000e1179f92e0 mode 2
Event: 4.011 Thread 0x00000298ee448660 Uncommon trap: trap_request=0xffffffde fr.pc=0x00000298da781308 relative=0x00000000000002c8
Event: 4.011 Thread 0x00000298ee448660 Uncommon trap: reason=class_check action=maybe_recompile pc=0x00000298da781308 method=java.util.Collections$SetFromMap.remove(Ljava/lang/Object;)Z @ 5 c2
Event: 4.011 Thread 0x00000298ee448660 DEOPT PACKING pc=0x00000298da781308 sp=0x000000e1179f8ed0
Event: 4.011 Thread 0x00000298ee448660 DEOPT UNPACKING pc=0x00000298da0c7da2 sp=0x000000e1179f8eb8 mode 2

Classes loaded (20 events):
Event: 3.907 Loading class java/util/concurrent/atomic/AtomicReferenceFieldUpdater$AtomicReferenceFieldUpdaterImpl$1
Event: 3.907 Loading class java/util/concurrent/atomic/AtomicReferenceFieldUpdater$AtomicReferenceFieldUpdaterImpl$1 done
Event: 3.988 Loading class java/lang/StringIndexOutOfBoundsException
Event: 3.988 Loading class java/lang/StringIndexOutOfBoundsException done
Event: 4.012 Loading class java/util/stream/DistinctOps
Event: 4.012 Loading class java/util/stream/DistinctOps done
Event: 4.012 Loading class java/util/stream/DistinctOps$1
Event: 4.012 Loading class java/util/stream/ReferencePipeline$StatefulOp
Event: 4.012 Loading class java/util/stream/ReferencePipeline$StatefulOp done
Event: 4.012 Loading class java/util/stream/DistinctOps$1 done
Event: 4.013 Loading class java/util/stream/DistinctOps$1$2
Event: 4.013 Loading class java/util/stream/DistinctOps$1$2 done
Event: 4.015 Loading class java/util/stream/SortedOps
Event: 4.015 Loading class java/util/stream/SortedOps done
Event: 4.015 Loading class java/util/stream/SortedOps$OfRef
Event: 4.015 Loading class java/util/stream/SortedOps$OfRef done
Event: 4.015 Loading class java/util/stream/SortedOps$SizedRefSortingSink
Event: 4.015 Loading class java/util/stream/SortedOps$AbstractRefSortingSink
Event: 4.015 Loading class java/util/stream/SortedOps$AbstractRefSortingSink done
Event: 4.016 Loading class java/util/stream/SortedOps$SizedRefSortingSink done

Classes unloaded (0 events):
No events

Classes redefined (0 events):
No events

Internal exceptions (20 events):
Event: 3.809 Thread 0x00000298ee448660 Exception <a 'java/lang/NoSuchMethodError'{0x0000000083d79300}: 'int java.lang.invoke.DirectMethodHandle$Holder.invokeInterface(java.lang.Object, java.lang.Object, java.lang.Object, java.lang.Object)'> (0x0000000083d79300) 
thrown [s\src\hotspot\share\interpreter\linkResolver.cpp, line 784]
Event: 3.836 Thread 0x00000298ee448660 Exception <a 'java/lang/NoSuchMethodError'{0x0000000083bceb50}: 'java.lang.Object java.lang.invoke.DirectMethodHandle$Holder.invokeStatic(java.lang.Object, long, java.lang.Object)'> (0x0000000083bceb50) 
thrown [s\src\hotspot\share\interpreter\linkResolver.cpp, line 784]
Event: 3.836 Thread 0x00000298ee448660 Exception <a 'java/lang/NoSuchMethodError'{0x0000000083bd5d48}: 'java.lang.Object java.lang.invoke.DirectMethodHandle$Holder.newInvokeSpecial(java.lang.Object, long)'> (0x0000000083bd5d48) 
thrown [s\src\hotspot\share\interpreter\linkResolver.cpp, line 784]
Event: 3.839 Thread 0x00000298ee448660 Exception <a 'java/lang/NoSuchMethodError'{0x0000000083a304b8}: 'java.lang.Object java.lang.invoke.DirectMethodHandle$Holder.newInvokeSpecial(java.lang.Object, java.lang.Object, java.lang.Object, java.lang.Object, java.lang.Object, long)'> (0x0000000083a304b8) 
thrown [s\src\hotspot\share\interpreter\linkResolver.cpp, line 784]
Event: 3.839 Thread 0x00000298ee448660 Exception <a 'java/lang/NoSuchMethodError'{0x0000000083a35348}: 'java.lang.Object java.lang.invoke.DirectMethodHandle$Holder.invokeSpecial(java.lang.Object, java.lang.Object, java.lang.Object, java.lang.Object, java.lang.Object, java.lang.Object, long)'> (0x0000000083a35348) 
thrown [s\src\hotspot\share\interpreter\linkResolver.cpp, line 784]
Event: 3.839 Thread 0x00000298ee448660 Exception <a 'java/lang/NoSuchMethodError'{0x0000000083a39928}: 'java.lang.Object java.lang.invoke.Invokers$Holder.linkToTargetMethod(java.lang.Object, java.lang.Object, java.lang.Object, java.lang.Object, long, java.lang.Object)'> (0x0000000083a39928) 
thrown [s\src\hotspot\share\interpreter\linkResolver.cpp, line 784]
Event: 3.841 Thread 0x00000298ee448660 Exception <a 'java/lang/NoSuchMethodError'{0x0000000083a81d68}: 'java.lang.Object java.lang.invoke.DirectMethodHandle$Holder.newInvokeSpecial(java.lang.Object, java.lang.Object, java.lang.Object, long)'> (0x0000000083a81d68) 
thrown [s\src\hotspot\share\interpreter\linkResolver.cpp, line 784]
Event: 3.841 Thread 0x00000298ee448660 Exception <a 'java/lang/NoSuchMethodError'{0x0000000083a86878}: 'java.lang.Object java.lang.invoke.DirectMethodHandle$Holder.invokeSpecial(java.lang.Object, java.lang.Object, java.lang.Object, java.lang.Object, long)'> (0x0000000083a86878) 
thrown [s\src\hotspot\share\interpreter\linkResolver.cpp, line 784]
Event: 3.841 Thread 0x00000298ee448660 Exception <a 'java/lang/NoSuchMethodError'{0x0000000083a8aa38}: 'java.lang.Object java.lang.invoke.Invokers$Holder.linkToTargetMethod(java.lang.Object, java.lang.Object, long, java.lang.Object)'> (0x0000000083a8aa38) 
thrown [s\src\hotspot\share\interpreter\linkResolver.cpp, line 784]
Event: 3.859 Thread 0x00000298ee448660 Exception <a 'java/lang/NoSuchMethodError'{0x00000000838b0cf0}: 'java.lang.Object java.lang.invoke.DirectMethodHandle$Holder.newInvokeSpecial(java.lang.Object, java.lang.Object, java.lang.Object, java.lang.Object, java.lang.Object, java.lang.Object, java.lang.Object, java.lang.Object, java.lang.Object, java.lang.Object, java.lang.Object, java.lang.Object, java.lang.Object, java.lang.Object, java.lang.Object, java.lang.Object, java.lang.Object, java.lang.Object, java.lang.Object, java.lang.Object, java.lang
Event: 3.880 Thread 0x00000298ee448660 Implicit null exception at 0x00000298da6b54ef to 0x00000298da6b55a0
Event: 3.936 Thread 0x00000298ee448660 Exception <a 'java/lang/NoSuchMethodError'{0x0000000082e7d0e8}: 'java.lang.Object java.lang.invoke.DirectMethodHandle$Holder.newInvokeSpecial(java.lang.Object, java.lang.Object, java.lang.Object, java.lang.Object, java.lang.Object, java.lang.Object, java.lang.Object, java.lang.Object, java.lang.Object, java.lang.Object, java.lang.Object, java.lang.Object, java.lang.Object, java.lang.Object, java.lang.Object, java.lang.Object, java.lang.Object, java.lang.Object, java.lang.Object)'> (0x0000000082e7d0e8) 
thr
Event: 3.936 Thread 0x00000298ee448660 Exception <a 'java/lang/NoSuchMethodError'{0x0000000082e83df0}: 'java.lang.Object java.lang.invoke.DirectMethodHandle$Holder.invokeSpecial(java.lang.Object, java.lang.Object, java.lang.Object, java.lang.Object, java.lang.Object, java.lang.Object, java.lang.Object, java.lang.Object, java.lang.Object, java.lang.Object, java.lang.Object, java.lang.Object, java.lang.Object, java.lang.Object, java.lang.Object, java.lang.Object, java.lang.Object, java.lang.Object, java.lang.Object, java.lang.Object)'> (0x0000000
Event: 3.936 Thread 0x00000298ee448660 Exception <a 'java/lang/NoSuchMethodError'{0x0000000082e89640}: 'java.lang.Object java.lang.invoke.DelegatingMethodHandle$Holder.reinvoke_L(java.lang.Object, java.lang.Object, java.lang.Object, java.lang.Object, java.lang.Object, java.lang.Object, java.lang.Object, java.lang.Object, java.lang.Object, java.lang.Object, java.lang.Object, java.lang.Object, java.lang.Object, java.lang.Object, java.lang.Object, java.lang.Object, java.lang.Object, java.lang.Object, java.lang.Object)'> (0x0000000082e89640) 
throw
Event: 3.942 Thread 0x00000298ee448660 Exception <a 'java/lang/IncompatibleClassChangeError'{0x0000000082d52278}: Found class java.lang.Object, but interface was expected> (0x0000000082d52278) 
thrown [s\src\hotspot\share\interpreter\linkResolver.cpp, line 851]
Event: 3.943 Thread 0x00000298ee448660 Exception <a 'java/lang/NoSuchMethodError'{0x0000000082d68278}: 'java.lang.Object java.lang.invoke.DirectMethodHandle$Holder.invokeVirtual(java.lang.Object, java.lang.Object, java.lang.Object, java.lang.Object, java.lang.Object, java.lang.Object, java.lang.Object, java.lang.Object, java.lang.Object, java.lang.Object, java.lang.Object, java.lang.Object, java.lang.Object)'> (0x0000000082d68278) 
thrown [s\src\hotspot\share\interpreter\linkResolver.cpp, line 784]
Event: 3.971 Thread 0x00000298ee448660 Exception <a 'java/lang/NoSuchMethodError'{0x000000008fb9f238}: 'java.lang.Object java.lang.invoke.DirectMethodHandle$Holder.newInvokeSpecial(java.lang.Object, int, java.lang.Object)'> (0x000000008fb9f238) 
thrown [s\src\hotspot\share\interpreter\linkResolver.cpp, line 784]
Event: 3.993 Thread 0x00000298ee448660 Exception <a 'java/lang/NoSuchMethodError'{0x000000008e3b3d28}: 'java.lang.Object java.lang.invoke.DirectMethodHandle$Holder.invokeSpecial(java.lang.Object, java.lang.Object, long, java.lang.Object, java.lang.Object)'> (0x000000008e3b3d28) 
thrown [s\src\hotspot\share\interpreter\linkResolver.cpp, line 784]
Event: 4.003 Thread 0x00000298ee448660 Exception <a 'java/lang/NoSuchMethodError'{0x000000008e28b7b0}: 'java.lang.Object java.lang.invoke.DirectMethodHandle$Holder.newInvokeSpecial(java.lang.Object, java.lang.Object, int, java.lang.Object)'> (0x000000008e28b7b0) 
thrown [s\src\hotspot\share\interpreter\linkResolver.cpp, line 784]
Event: 4.003 Thread 0x00000298ee448660 Exception <a 'java/lang/NoSuchMethodError'{0x000000008e28fff0}: 'java.lang.Object java.lang.invoke.DirectMethodHandle$Holder.invokeSpecial(java.lang.Object, java.lang.Object, java.lang.Object, int, java.lang.Object)'> (0x000000008e28fff0) 
thrown [s\src\hotspot\share\interpreter\linkResolver.cpp, line 784]

ZGC Phase Switch (0 events):
No events

VM Operations (20 events):
Event: 3.516 Executing VM operation: ICBufferFull
Event: 3.516 Executing VM operation: ICBufferFull done
Event: 3.596 Executing VM operation: G1CollectForAllocation (G1 Evacuation Pause)
Event: 3.601 Executing VM operation: G1CollectForAllocation (G1 Evacuation Pause) done
Event: 3.634 Executing VM operation: HandshakeAllThreads (Deoptimize)
Event: 3.634 Executing VM operation: HandshakeAllThreads (Deoptimize) done
Event: 3.650 Executing VM operation: HandshakeAllThreads (Deoptimize)
Event: 3.650 Executing VM operation: HandshakeAllThreads (Deoptimize) done
Event: 3.650 Executing VM operation: HandshakeAllThreads (Deoptimize)
Event: 3.651 Executing VM operation: HandshakeAllThreads (Deoptimize) done
Event: 3.776 Executing VM operation: HandshakeAllThreads (Deoptimize)
Event: 3.776 Executing VM operation: HandshakeAllThreads (Deoptimize) done
Event: 3.809 Executing VM operation: HandshakeAllThreads (Deoptimize)
Event: 3.809 Executing VM operation: HandshakeAllThreads (Deoptimize) done
Event: 3.887 Executing VM operation: ICBufferFull
Event: 3.887 Executing VM operation: ICBufferFull done
Event: 3.963 Executing VM operation: G1CollectForAllocation (G1 Evacuation Pause)
Event: 3.966 Executing VM operation: G1CollectForAllocation (G1 Evacuation Pause) done
Event: 4.013 Executing VM operation: HandshakeAllThreads (Deoptimize)
Event: 4.013 Executing VM operation: HandshakeAllThreads (Deoptimize) done

Memory protections (0 events):
No events

Nmethod flushes (20 events):
Event: 2.901 Thread 0x00000298e7c5ded0 flushing  nmethod 0x00000298d2c08f10
Event: 2.901 Thread 0x00000298e7c5ded0 flushing  nmethod 0x00000298d2c0ac10
Event: 2.901 Thread 0x00000298e7c5ded0 flushing  nmethod 0x00000298d2c0d090
Event: 2.901 Thread 0x00000298e7c5ded0 flushing  nmethod 0x00000298d2c0fd10
Event: 2.901 Thread 0x00000298e7c5ded0 flushing  nmethod 0x00000298d2c13190
Event: 2.901 Thread 0x00000298e7c5ded0 flushing  nmethod 0x00000298d2c14290
Event: 2.901 Thread 0x00000298e7c5ded0 flushing  nmethod 0x00000298d2c5c810
Event: 2.901 Thread 0x00000298e7c5ded0 flushing  nmethod 0x00000298d2c5f590
Event: 2.901 Thread 0x00000298e7c5ded0 flushing  nmethod 0x00000298d2c61d10
Event: 2.901 Thread 0x00000298e7c5ded0 flushing  nmethod 0x00000298d2c67590
Event: 2.901 Thread 0x00000298e7c5ded0 flushing  nmethod 0x00000298d2cf4590
Event: 2.901 Thread 0x00000298e7c5ded0 flushing  nmethod 0x00000298d2cfc010
Event: 2.901 Thread 0x00000298e7c5ded0 flushing  nmethod 0x00000298d2cfcd90
Event: 2.901 Thread 0x00000298e7c5ded0 flushing  nmethod 0x00000298d2d58790
Event: 2.901 Thread 0x00000298e7c5ded0 flushing  nmethod 0x00000298d2d5ee90
Event: 2.901 Thread 0x00000298e7c5ded0 flushing  nmethod 0x00000298d2d60b10
Event: 2.901 Thread 0x00000298e7c5ded0 flushing  nmethod 0x00000298d2d61110
Event: 2.901 Thread 0x00000298e7c5ded0 flushing  nmethod 0x00000298d2d61610
Event: 2.901 Thread 0x00000298e7c5ded0 flushing  nmethod 0x00000298d2db7590
Event: 2.901 Thread 0x00000298e7c5ded0 flushing  nmethod 0x00000298d2dbcf90

Events (20 events):
Event: 1.533 Thread 0x00000298cdfaf5d0 Thread added: 0x00000298ee49d0e0
Event: 1.587 Thread 0x00000298cdfaf5d0 Thread added: 0x00000298ee4aa320
Event: 1.615 Thread 0x00000298ee49d0e0 Thread added: 0x00000298ee5b1fb0
Event: 1.617 Thread 0x00000298ee5b1fb0 Thread added: 0x00000298ee5abf70
Event: 1.639 Thread 0x00000298ee5b1fb0 Thread added: 0x00000298ee5ad5f0
Event: 1.647 Thread 0x00000298ee5b1fb0 Thread added: 0x00000298ee448660
Event: 1.652 Thread 0x00000298ee448660 Thread added: 0x00000298ee6f5250
Event: 1.655 Thread 0x00000298ee448660 Thread added: 0x00000298ee5b4310
Event: 1.656 Thread 0x00000298ee448660 Thread added: 0x00000298ee5b35f0
Event: 1.943 Thread 0x00000298ee448660 Thread added: 0x00000298ee5b2f60
Event: 1.949 Thread 0x00000298ee448660 Thread added: 0x00000298ee5b3c80
Event: 1.967 Thread 0x00000298ee448660 Thread added: 0x00000298ee5b56c0
Event: 2.655 Thread 0x00000298ee448660 Thread added: 0x00000298ee5b5d50
Event: 2.667 Thread 0x00000298ee448660 Thread added: 0x00000298ee5b49a0
Event: 2.784 Thread 0x00000298ee448660 Thread added: 0x00000298ee5b63e0
Event: 2.787 Thread 0x00000298ee448660 Thread added: 0x00000298f0c61e20
Event: 2.944 Thread 0x00000298ee448660 Thread added: 0x00000298f0c61100
Event: 2.961 Thread 0x00000298ee448660 Thread added: 0x00000298f0c5f030
Event: 3.066 Thread 0x00000298ee448660 Thread added: 0x00000298f0c5fd50
Event: 3.139 Thread 0x00000298ee448660 Thread added: 0x00000298f0c61790


Dynamic libraries:
0x00007ff769f30000 - 0x00007ff769f3a000 	C:\Program Files\Android\Android Studio\jbr\bin\java.exe
0x00007ff93f800000 - 0x00007ff93fa63000 	C:\WINDOWS\SYSTEM32\ntdll.dll
0x00007ff93ea50000 - 0x00007ff93eb17000 	C:\WINDOWS\System32\KERNEL32.DLL
0x00007ff93cac0000 - 0x00007ff93ce89000 	C:\WINDOWS\System32\KERNELBASE.dll
0x00007ff935c70000 - 0x00007ff935d0c000 	C:\WINDOWS\SYSTEM32\apphelp.dll
0x00007ff93cfc0000 - 0x00007ff93d10c000 	C:\WINDOWS\System32\ucrtbase.dll
0x00007ff908280000 - 0x00007ff90829b000 	C:\Program Files\Android\Android Studio\jbr\bin\VCRUNTIME140.dll
0x00007ff92dd30000 - 0x00007ff92dd48000 	C:\Program Files\Android\Android Studio\jbr\bin\jli.dll
0x00007ff93e6e0000 - 0x00007ff93e8aa000 	C:\WINDOWS\System32\USER32.dll
0x00007ff93d280000 - 0x00007ff93d2a7000 	C:\WINDOWS\System32\win32u.dll
0x00007ff922ba0000 - 0x00007ff922e30000 	C:\WINDOWS\WinSxS\amd64_microsoft.windows.common-controls_6595b64144ccf1df_6.0.26100.3323_none_3e088096e3344490\COMCTL32.dll
0x00007ff93e280000 - 0x00007ff93e2aa000 	C:\WINDOWS\System32\GDI32.dll
0x00007ff93dd40000 - 0x00007ff93dde9000 	C:\WINDOWS\System32\msvcrt.dll
0x00007ff93d4e0000 - 0x00007ff93d611000 	C:\WINDOWS\System32\gdi32full.dll
0x00007ff93d430000 - 0x00007ff93d4d3000 	C:\WINDOWS\System32\msvcp_win.dll
0x00007ff93e6a0000 - 0x00007ff93e6cf000 	C:\WINDOWS\System32\IMM32.DLL
0x00007ff92ac20000 - 0x00007ff92ac2c000 	C:\Program Files\Android\Android Studio\jbr\bin\vcruntime140_1.dll
0x00007ff902770000 - 0x00007ff9027fd000 	C:\Program Files\Android\Android Studio\jbr\bin\msvcp140.dll
0x00007ff862830000 - 0x00007ff8634ba000 	C:\Program Files\Android\Android Studio\jbr\bin\server\jvm.dll
0x00007ff93eb30000 - 0x00007ff93ebe2000 	C:\WINDOWS\System32\ADVAPI32.dll
0x00007ff93ed40000 - 0x00007ff93ede6000 	C:\WINDOWS\System32\sechost.dll
0x00007ff93ebf0000 - 0x00007ff93ed06000 	C:\WINDOWS\System32\RPCRT4.dll
0x00007ff93f510000 - 0x00007ff93f584000 	C:\WINDOWS\System32\WS2_32.dll
0x00007ff93ba30000 - 0x00007ff93ba7e000 	C:\WINDOWS\SYSTEM32\POWRPROF.dll
0x00007ff9364e0000 - 0x00007ff9364eb000 	C:\WINDOWS\SYSTEM32\VERSION.dll
0x00007ff931360000 - 0x00007ff931396000 	C:\WINDOWS\SYSTEM32\WINMM.dll
0x00007ff93b9d0000 - 0x00007ff93b9e4000 	C:\WINDOWS\SYSTEM32\UMPDC.dll
0x00007ff93b890000 - 0x00007ff93b8aa000 	C:\WINDOWS\SYSTEM32\kernel.appcore.dll
0x00007ff915dc0000 - 0x00007ff915dca000 	C:\Program Files\Android\Android Studio\jbr\bin\jimage.dll
0x00007ff93a3a0000 - 0x00007ff93a5e1000 	C:\WINDOWS\SYSTEM32\DBGHELP.DLL
0x00007ff93ddf0000 - 0x00007ff93e172000 	C:\WINDOWS\System32\combase.dll
0x00007ff93e470000 - 0x00007ff93e546000 	C:\WINDOWS\System32\OLEAUT32.dll
0x00007ff8f9420000 - 0x00007ff8f9459000 	C:\WINDOWS\SYSTEM32\dbgcore.DLL
0x00007ff93cf20000 - 0x00007ff93cfb9000 	C:\WINDOWS\System32\bcryptPrimitives.dll
0x00007ff936d70000 - 0x00007ff936d7e000 	C:\Program Files\Android\Android Studio\jbr\bin\instrument.dll
0x00007ff8e2f80000 - 0x00007ff8e2fa0000 	C:\Program Files\Android\Android Studio\jbr\bin\java.dll
0x00007ff8e2ec0000 - 0x00007ff8e2ed8000 	C:\Program Files\Android\Android Studio\jbr\bin\zip.dll
0x00007ff93edf0000 - 0x00007ff93f505000 	C:\WINDOWS\System32\SHELL32.dll
0x00007ff93d110000 - 0x00007ff93d278000 	C:\WINDOWS\System32\wintypes.dll
0x00007ff93a6d0000 - 0x00007ff93af15000 	C:\WINDOWS\SYSTEM32\windows.storage.dll
0x00007ff93e550000 - 0x00007ff93e63b000 	C:\WINDOWS\System32\SHCORE.dll
0x00007ff93e640000 - 0x00007ff93e69d000 	C:\WINDOWS\System32\shlwapi.dll
0x00007ff93c910000 - 0x00007ff93c93f000 	C:\WINDOWS\SYSTEM32\profapi.dll
0x00007ff907f40000 - 0x00007ff907f50000 	C:\Program Files\Android\Android Studio\jbr\bin\net.dll
0x00007ff9362f0000 - 0x00007ff93640e000 	C:\WINDOWS\SYSTEM32\WINHTTP.dll
0x00007ff93be50000 - 0x00007ff93beba000 	C:\WINDOWS\system32\mswsock.dll
0x00007ff8e0050000 - 0x00007ff8e0066000 	C:\Program Files\Android\Android Studio\jbr\bin\nio.dll
0x00007ff936590000 - 0x00007ff9365a0000 	C:\Program Files\Android\Android Studio\jbr\bin\verify.dll
0x00007ff8d48c0000 - 0x00007ff8d48e7000 	C:\Users\asish\.gradle\native\c067742578af261105cb4f569cf0c3c89f3d7b1fecec35dd04571415982c5e48\windows-amd64\native-platform.dll
0x00007ff87cb80000 - 0x00007ff87ccc4000 	C:\Users\asish\.gradle\native\100fb08df4bc3b14c8652ba06237920a3bd2aa13389f12d3474272988ae205f9\windows-amd64\native-platform-file-events.dll
0x00007ff906f30000 - 0x00007ff906f39000 	C:\Program Files\Android\Android Studio\jbr\bin\management.dll
0x00007ff905870000 - 0x00007ff90587b000 	C:\Program Files\Android\Android Studio\jbr\bin\management_ext.dll
0x00007ff93eb20000 - 0x00007ff93eb28000 	C:\WINDOWS\System32\PSAPI.DLL
0x00007ff93c0f0000 - 0x00007ff93c10c000 	C:\WINDOWS\SYSTEM32\CRYPTSP.dll
0x00007ff93b780000 - 0x00007ff93b7ba000 	C:\WINDOWS\system32\rsaenh.dll
0x00007ff93bef0000 - 0x00007ff93bf1b000 	C:\WINDOWS\SYSTEM32\USERENV.dll
0x00007ff93c330000 - 0x00007ff93c356000 	C:\WINDOWS\SYSTEM32\bcrypt.dll
0x00007ff93c110000 - 0x00007ff93c11c000 	C:\WINDOWS\SYSTEM32\CRYPTBASE.dll
0x00007ff93b270000 - 0x00007ff93b2a3000 	C:\WINDOWS\SYSTEM32\IPHLPAPI.DLL
0x00007ff93d870000 - 0x00007ff93d87a000 	C:\WINDOWS\System32\NSI.dll
0x00007ff907b50000 - 0x00007ff907b59000 	C:\Program Files\Android\Android Studio\jbr\bin\extnet.dll
0x00007ff908110000 - 0x00007ff908118000 	C:\WINDOWS\system32\wshunix.dll

dbghelp: loaded successfully - version: 4.0.5 - missing functions: none
symbol engine: initialized successfully - sym options: 0x614 - pdb path: .;C:\Program Files\Android\Android Studio\jbr\bin;C:\WINDOWS\SYSTEM32;C:\WINDOWS\WinSxS\amd64_microsoft.windows.common-controls_6595b64144ccf1df_6.0.26100.3323_none_3e088096e3344490;C:\Program Files\Android\Android Studio\jbr\bin\server;C:\Users\asish\.gradle\native\c067742578af261105cb4f569cf0c3c89f3d7b1fecec35dd04571415982c5e48\windows-amd64;C:\Users\asish\.gradle\native\100fb08df4bc3b14c8652ba06237920a3bd2aa13389f12d3474272988ae205f9\windows-amd64

VM Arguments:
jvm_args: --add-opens=java.base/java.util=ALL-UNNAMED --add-opens=java.base/java.lang=ALL-UNNAMED --add-opens=java.base/java.lang.invoke=ALL-UNNAMED --add-opens=java.prefs/java.util.prefs=ALL-UNNAMED --add-exports=jdk.compiler/com.sun.tools.javac.api=ALL-UNNAMED --add-exports=jdk.compiler/com.sun.tools.javac.util=ALL-UNNAMED --add-opens=java.base/java.nio.charset=ALL-UNNAMED --add-opens=java.base/java.net=ALL-UNNAMED --add-opens=java.base/java.util.concurrent.atomic=ALL-UNNAMED -Xmx2048m -Dfile.encoding=UTF-8 -Duser.country=IN -Duser.language=en -Duser.variant -javaagent:C:\Users\asish\.gradle\wrapper\dists\gradle-8.10.2-bin\a04bxjujx95o3nb99gddekhwo\gradle-8.10.2\lib\agents\gradle-instrumentation-agent-8.10.2.jar 
java_command: org.gradle.launcher.daemon.bootstrap.GradleDaemon 8.10.2
java_class_path (initial): C:\Users\asish\.gradle\wrapper\dists\gradle-8.10.2-bin\a04bxjujx95o3nb99gddekhwo\gradle-8.10.2\lib\gradle-daemon-main-8.10.2.jar
Launcher Type: SUN_STANDARD

[Global flags]
     intx CICompilerCount                          = 4                                         {product} {ergonomic}
     uint ConcGCThreads                            = 3                                         {product} {ergonomic}
     uint G1ConcRefinementThreads                  = 10                                        {product} {ergonomic}
   size_t G1HeapRegionSize                         = 1048576                                   {product} {ergonomic}
    uintx GCDrainStackTargetSize                   = 64                                        {product} {ergonomic}
   size_t InitialHeapSize                          = 264241152                                 {product} {ergonomic}
   size_t MarkStackSize                            = 4194304                                   {product} {ergonomic}
   size_t MaxHeapSize                              = 2147483648                                {product} {command line}
   size_t MaxNewSize                               = 1287651328                                {product} {ergonomic}
   size_t MinHeapDeltaBytes                        = 1048576                                   {product} {ergonomic}
   size_t MinHeapSize                              = 8388608                                   {product} {ergonomic}
    uintx NonNMethodCodeHeapSize                   = 5839372                                {pd product} {ergonomic}
    uintx NonProfiledCodeHeapSize                  = 122909434                              {pd product} {ergonomic}
    uintx ProfiledCodeHeapSize                     = 122909434                              {pd product} {ergonomic}
    uintx ReservedCodeCacheSize                    = 251658240                              {pd product} {ergonomic}
     bool SegmentedCodeCache                       = true                                      {product} {ergonomic}
   size_t SoftMaxHeapSize                          = 2147483648                             {manageable} {ergonomic}
     bool UseCompressedOops                        = true                           {product lp64_product} {ergonomic}
     bool UseG1GC                                  = true                                      {product} {ergonomic}
     bool UseLargePagesIndividualAllocation        = false                                  {pd product} {ergonomic}

Logging:
Log output configuration:
 #0: stdout all=warning uptime,level,tags foldmultilines=false
 #1: stderr all=off uptime,level,tags foldmultilines=false

Environment Variables:
JAVA_HOME=C:\Users\asish\AppData\Local\Programs\Eclipse Adoptium\jdk-17.0.10.7-hotspot\
PATH=C:\Program Files\Python312\Scripts\;C:\Program Files\Python312\;C:\Windows\system32;C:\Windows;C:\Windows\System32\Wbem;C:\Windows\System32\WindowsPowerShell\v1.0\;C:\Windows\System32\OpenSSH\;C:\Program Files (x86)\NVIDIA Corporation\PhysX\Common;C:\WINDOWS\system32;C:\WINDOWS;C:\WINDOWS\System32\Wbem;C:\WINDOWS\System32\WindowsPowerShell\v1.0\;C:\WINDOWS\System32\OpenSSH\;C:\Program Files\dotnet\;C:\Program Files\Git\cmd;C:\Program Files\php-8.4.1;;C:\Program Files\NVIDIA Corporation\NVIDIA app\NvDLISR;c:\Users\asish\AppData\Local\Programs\cursor\resources\app\bin;C:\Users\asish\AppData\Local\Programs\Eclipse Adoptium\jdk-17.0.10.7-hotspot\bin;C:\Users\asish\AppData\Local\Microsoft\WindowsApps;C:\Users\asish\AppData\Local\Programs\Microsoft VS Code\bin;C:\Users\asish\AppData\Local\GitHubDesktop\bin;C:\FlutterDev\sdk\flutter\bin;C:\Users\asish\AppData\Local\Programs\cursor\resources\app\bin
USERNAME=asish
OS=Windows_NT
PROCESSOR_IDENTIFIER=Intel64 Family 6 Model 141 Stepping 1, GenuineIntel
TMP=C:\Users\asish\AppData\Local\Temp
TEMP=C:\Users\asish\AppData\Local\Temp




Periodic native trim disabled

JNI global refs:
JNI global refs: 25, weak refs: 1

JNI global refs memory usage: 835, weak refs: 833

Process memory usage:
Resident Set Size: 293300K (1% of 16471724K total physical memory with 1568656K free physical memory)

OOME stack traces (most recent first):
Classloader memory used:
Loader org.gradle.internal.classloader.VisitableURLClassLoader                         : 25592K
Loader bootstrap                                                                       : 21601K
Loader org.gradle.initialization.MixInLegacyTypesClassLoader                           : 5400K
Loader jdk.internal.loader.ClassLoaders$PlatformClassLoader                            : 517K
Loader jdk.internal.loader.ClassLoaders$AppClassLoader                                 : 234K
Loader org.gradle.internal.classloader.VisitableURLClassLoader                         : 19344B

Classes loaded by more than one classloader:
Class org.gradle.internal.classloader.FilteringClassLoader                            : loaded 2 times (x 101B)
Class org.gradle.internal.classloader.ClassLoaderHierarchy                            : loaded 2 times (x 66B)
Class org.gradle.api.internal.classpath.ManifestUtil                                  : loaded 2 times (x 67B)
Class org.gradle.internal.classloader.DefaultClassLoaderFactory                       : loaded 2 times (x 78B)
Class org.gradle.internal.classloader.ClassLoaderVisitor                              : loaded 2 times (x 72B)
Class org.gradle.api.internal.classpath.EffectiveClassPath                            : loaded 2 times (x 86B)
Class org.gradle.api.internal.DefaultClassPathProvider                                : loaded 2 times (x 72B)
Class [Lorg.gradle.api.internal.ClassPathProvider;                                    : loaded 2 times (x 65B)
Class org.gradle.api.internal.ClassPathProvider                                       : loaded 2 times (x 66B)
Class org.gradle.internal.service.UnknownServiceException                             : loaded 2 times (x 79B)
Class org.gradle.internal.classpath.TransformedClassPath                              : loaded 2 times (x 92B)
Class org.gradle.internal.classloader.InstrumentingClassLoader                        : loaded 2 times (x 66B)
Class org.gradle.internal.service.ServiceLocator                                      : loaded 2 times (x 66B)
Class org.gradle.internal.InternalTransformer                                         : loaded 2 times (x 66B)
Class org.gradle.internal.classloader.ClasspathUtil$1                                 : loaded 2 times (x 72B)
Class org.gradle.api.internal.classpath.DefaultModuleRegistry$DefaultModule           : loaded 2 times (x 82B)
Class org.gradle.api.internal.classpath.Module                                        : loaded 2 times (x 66B)
Class org.gradle.api.internal.classpath.UnknownModuleException                        : loaded 2 times (x 78B)
Class org.gradle.api.internal.DefaultClassPathRegistry                                : loaded 2 times (x 72B)
Class org.gradle.api.internal.ClassPathRegistry                                       : loaded 2 times (x 66B)
Class org.gradle.internal.classpath.DefaultClassPath$ImmutableUniqueList              : loaded 2 times (x 195B)
Class org.gradle.internal.classpath.ClassPath                                         : loaded 2 times (x 66B)
Class org.gradle.api.UncheckedIOException                                             : loaded 2 times (x 78B)
Class org.gradle.internal.installation.GradleInstallation$1                           : loaded 2 times (x 71B)
Class org.gradle.api.internal.classpath.ModuleRegistry                                : loaded 2 times (x 66B)
Class org.gradle.api.internal.classpath.DefaultModuleRegistry                         : loaded 2 times (x 82B)
Class org.gradle.internal.service.ServiceLookupException                              : loaded 2 times (x 78B)
Class org.gradle.internal.classloader.ClassLoaderFactory                              : loaded 2 times (x 66B)
Class org.gradle.internal.service.CachingServiceLocator                               : loaded 2 times (x 78B)
Class org.gradle.internal.classloader.ClasspathUtil                                   : loaded 2 times (x 67B)
Class org.gradle.api.specs.Spec                                                       : loaded 2 times (x 66B)
Class org.gradle.internal.classloader.VisitableURLClassLoader$InstrumentingVisitableURLClassLoader: loaded 2 times (x 119B)
Class org.gradle.internal.classloader.VisitableURLClassLoader$Spec                    : loaded 2 times (x 70B)
Class org.gradle.internal.classpath.DefaultClassPath                                  : loaded 2 times (x 86B)
Class org.gradle.internal.classloader.ClassLoaderSpec                                 : loaded 2 times (x 67B)
Class org.gradle.internal.classloader.VisitableURLClassLoader                         : loaded 2 times (x 113B)
Class org.gradle.internal.Cast                                                        : loaded 2 times (x 67B)
Class org.gradle.api.Action                                                           : loaded 2 times (x 66B)
Class org.gradle.internal.classpath.DefaultClassPath$ImmutableUniqueList$Builder      : loaded 2 times (x 71B)
Class org.gradle.api.GradleException                                                  : loaded 2 times (x 78B)
Class org.gradle.internal.IoActions                                                   : loaded 2 times (x 67B)
Class org.gradle.internal.classloader.SystemClassLoaderSpec                           : loaded 2 times (x 67B)
Class org.gradle.api.internal.classpath.GlobalCacheRootsProvider                      : loaded 2 times (x 66B)
Class org.gradle.internal.installation.CurrentGradleInstallationLocator               : loaded 2 times (x 67B)
Class org.gradle.internal.service.DefaultServiceLocator                               : loaded 2 times (x 79B)
Class org.gradle.internal.installation.CurrentGradleInstallation                      : loaded 2 times (x 69B)
Class org.gradle.util.internal.GUtil                                                  : loaded 2 times (x 67B)
Class org.gradle.internal.installation.GradleInstallation                             : loaded 2 times (x 71B)

---------------  S Y S T E M  ---------------

OS:
 Windows 11 , 64 bit Build 26100 (10.0.26100.3323)
OS uptime: 1 days 12:12 hours
Hyper-V role detected

CPU: total 12 (initial active 12) (6 cores per cpu, 2 threads per core) family 6 model 141 stepping 1 microcode 0x34, cx8, cmov, fxsr, ht, mmx, 3dnowpref, sse, sse2, sse3, ssse3, sse4.1, sse4.2, popcnt, lzcnt, tsc, tscinvbit, avx, avx2, aes, erms, clmul, bmi1, bmi2, adx, avx512f, avx512dq, avx512cd, avx512bw, avx512vl, sha, fma, vzeroupper, avx512_vpopcntdq, avx512_vpclmulqdq, avx512_vaes, avx512_vnni, clflush, clflushopt, clwb, avx512_vbmi2, avx512_vbmi, hv, rdtscp, rdpid, fsrm, gfni, avx512_bitalg, f16c, cet_ibt, cet_ss, avx512_ifma
Processor Information for all 12 processors :
  Max Mhz: 2611, Current Mhz: 2611, Mhz Limit: 2611

Memory: 4k page, system-wide physical 16085M (1529M free)
TotalPageFile size 20181M (AvailPageFile size 24M)
current process WorkingSet (physical memory assigned to process): 289M, peak: 291M
current process commit charge ("private bytes"): 349M, peak: 387M

vm_info: OpenJDK 64-Bit Server VM (21.0.5+-12932927-b750.29) for windows-amd64 JRE (21.0.5+-12932927-b750.29), built on 2025-01-17T02:01:10Z by "builder" with MS VC++ 16.10 / 16.11 (VS2019)

END.
